<?xml version="1.0" encoding="UTF-8"?>
<testsuite xmlns:xsi="http://www.w3.org/2001/XMLSchema-instance" xsi:noNamespaceSchemaLocation="https://maven.apache.org/surefire/maven-surefire-plugin/xsd/surefire-test-report-3.0.xsd" version="3.0" name="com.fdmgroup.stepdefinitions.CucumberTest" time="135.857" tests="7" errors="2" skipped="0" failures="0">
  <properties>
[...]
</properties>
  <testcase name="User enters a valid home address" classname="As a user I want to verify that the RBC Home Value Estimator handles valid and invalid address inputs correctly" time="36.957">
    <system-out><![CDATA[
&amp#27;[1mScenario:&amp#27;[22m User enters a valid home address                                &amp#27;[90m# src/test/resources/Features/F1_HomeValueEstimatorTest.feature:3&amp#27;[39m
  &amp#27;[32m✔&amp#27;[39m &amp#27;[32m&amp#27;[1mGiven &amp#27;[22mUser launches the RBC Home Value Estimator page&amp#27;[39m                 &amp#27;[90m# com.fdmgroup.stepdefinitions.F1_HomeValueEstimatorTest_StepDef.user_launches_the_rbc_home_value_estimator_page()&amp#27;[39m
No iframe detected. Continuing on main page...
  &amp#27;[32m✔&amp#27;[39m &amp#27;[32m&amp#27;[1mWhen &amp#27;[22mUser enters valid address in the address field&amp#27;[39m                   &amp#27;[90m# com.fdmgroup.stepdefinitions.F1_HomeValueEstimatorTest_StepDef.userEntersValidAddressInTheAddressField()&amp#27;[39m
  &amp#27;[32m✔&amp#27;[39m &amp#27;[32m&amp#27;[1mAnd &amp#27;[22mSelects the first suggested address&amp#27;[39m                               &amp#27;[90m# com.fdmgroup.stepdefinitions.F1_HomeValueEstimatorTest_StepDef.selectsTheFirstSuggestedAddress()&amp#27;[39m
  &amp#27;[32m✔&amp#27;[39m &amp#27;[32m&amp#27;[1mAnd &amp#27;[22mClicks on the Get Started button&amp#27;[39m                                  &amp#27;[90m# com.fdmgroup.stepdefinitions.F1_HomeValueEstimatorTest_StepDef.clicks_on_the_get_started_button()&amp#27;[39m
  &amp#27;[32m✔&amp#27;[39m &amp#27;[32m&amp#27;[1mThen &amp#27;[22mUser should be redirected to the What is Your Property Type page&amp#27;[39m &amp#27;[90m# com.fdmgroup.stepdefinitions.F1_HomeValueEstimatorTest_StepDef.user_should_be_redirected_to_the_what_is_your_property_type_page()&amp#27;[39m
]]></system-out>
  </testcase>
  <testcase name="User enters an invalid home address #1" classname="As a user I want to verify that the RBC Home Value Estimator handles valid and invalid address inputs correctly" time="22.466">
    <error message="Expected condition failed: waiting for element to be clickable: [[ChromeDriver: chrome on mac (af6046dd396ebaa423c6da089fea9045)] -&gt; xpath: //*[@id=&apos;address&apos;]] (tried for 10 second(s) with 500 milliseconds interval)&#10;Build info: version: &apos;4.38.0&apos;, revision: &apos;6b412e825c*&apos;&#10;System info: os.name: &apos;Mac OS X&apos;, os.arch: &apos;aarch64&apos;, os.version: &apos;15.6&apos;, java.version: &apos;22.0.2&apos;&#10;Driver info: org.openqa.selenium.chrome.ChromeDriver&#10;Capabilities {acceptInsecureCerts: false, browserName: chrome, browserVersion: 142.0.7444.176, chrome: {chromedriverVersion: 142.0.7444.175 (302067f14a4..., userDataDir: /var/folders/pp/xd6nhfmx531...}, fedcm:accounts: true, goog:chromeOptions: {debuggerAddress: localhost:60209}, goog:processID: 32934, networkConnectionEnabled: false, pageLoadStrategy: normal, platformName: mac, proxy: Proxy(), se:cdp: ws://localhost:60209/devtoo..., se:cdpVersion: 142.0.7444.176, setWindowRect: true, strictFileInteractability: false, timeouts: {implicit: 0, pageLoad: 300000, script: 30000}, unhandledPromptBehavior: dismiss and notify, webauthn:extension:credBlob: true, webauthn:extension:largeBlob: true, webauthn:extension:minPinLength: true, webauthn:extension:prf: true, webauthn:virtualAuthenticators: true}&#10;Session ID: af6046dd396ebaa423c6da089fea9045" type="org.openqa.selenium.TimeoutException"><![CDATA[org.openqa.selenium.TimeoutException: 
Expected condition failed: waiting for element to be clickable: [[ChromeDriver: chrome on mac (af6046dd396ebaa423c6da089fea9045)] -> xpath: //*[@id='address']] (tried for 10 second(s) with 500 milliseconds interval)
Build info: version: '4.38.0', revision: '6b412e825c*'
System info: os.name: 'Mac OS X', os.arch: 'aarch64', os.version: '15.6', java.version: '22.0.2'
Driver info: org.openqa.selenium.chrome.ChromeDriver
Capabilities {acceptInsecureCerts: false, browserName: chrome, browserVersion: 142.0.7444.176, chrome: {chromedriverVersion: 142.0.7444.175 (302067f14a4..., userDataDir: /var/folders/pp/xd6nhfmx531...}, fedcm:accounts: true, goog:chromeOptions: {debuggerAddress: localhost:60209}, goog:processID: 32934, networkConnectionEnabled: false, pageLoadStrategy: normal, platformName: mac, proxy: Proxy(), se:cdp: ws://localhost:60209/devtoo..., se:cdpVersion: 142.0.7444.176, setWindowRect: true, strictFileInteractability: false, timeouts: {implicit: 0, pageLoad: 300000, script: 30000}, unhandledPromptBehavior: dismiss and notify, webauthn:extension:credBlob: true, webauthn:extension:largeBlob: true, webauthn:extension:minPinLength: true, webauthn:extension:prf: true, webauthn:virtualAuthenticators: true}
Session ID: af6046dd396ebaa423c6da089fea9045
	at org.openqa.selenium.support.ui.WebDriverWait.timeoutException(WebDriverWait.java:84)
	at org.openqa.selenium.support.ui.FluentWait.until(FluentWait.java:228)
	at com.fdmgroup.pages.HomeValueEstimatorPage.enterAddress(HomeValueEstimatorPage.java:46)
	at com.fdmgroup.stepdefinitions.F1_HomeValueEstimatorTest_StepDef.userEntersInvalidInTheAddressField(F1_HomeValueEstimatorTest_StepDef.java:30)
	at ✽.User enters invalid "Canada" in the address field(file:///Users/fahadkhan/Projects/RBCProject/src/test/resources/Features/F1_HomeValueEstimatorTest.feature:12)
]]></error>
    <system-out><![CDATA[
&amp#27;[1mScenario Outline:&amp#27;[22m User enters an invalid home address                 &amp#27;[90m# src/test/resources/Features/F1_HomeValueEstimatorTest.feature:19&amp#27;[39m
  &amp#27;[32m✔&amp#27;[39m &amp#27;[32m&amp#27;[1mGiven &amp#27;[22mUser launches the RBC Home Value Estimator page&amp#27;[39m             &amp#27;[90m# com.fdmgroup.stepdefinitions.F1_HomeValueEstimatorTest_StepDef.user_launches_the_rbc_home_value_estimator_page()&amp#27;[39m
No iframe detected. Continuing on main page...
  &amp#27;[31m✘&amp#27;[39m &amp#27;[31m&amp#27;[1mWhen &amp#27;[22mUser enters invalid &amp#27;[1m"Canada"&amp#27;[22m in the address field&amp#27;[39m            &amp#27;[90m# com.fdmgroup.stepdefinitions.F1_HomeValueEstimatorTest_StepDef.userEntersInvalidInTheAddressField(java.lang.String)&amp#27;[39m
        &amp#27;[31morg.openqa.selenium.TimeoutException: Expected condition failed: waiting for element to be clickable: [[ChromeDriver: chrome on mac (af6046dd396ebaa423c6da089fea9045)] -> xpath: //*[@id='address']] (tried for 10 second(s) with 500 milliseconds interval)&amp#27;[39m
        &amp#27;[31mBuild info: version: '4.38.0', revision: '6b412e825c*'&amp#27;[39m
        &amp#27;[31mSystem info: os.name: 'Mac OS X', os.arch: 'aarch64', os.version: '15.6', java.version: '22.0.2'&amp#27;[39m
        &amp#27;[31mDriver info: org.openqa.selenium.chrome.ChromeDriver&amp#27;[39m
        &amp#27;[31mCapabilities {acceptInsecureCerts: false, browserName: chrome, browserVersion: 142.0.7444.176, chrome: {chromedriverVersion: 142.0.7444.175 (302067f14a4..., userDataDir: /var/folders/pp/xd6nhfmx531...}, fedcm:accounts: true, goog:chromeOptions: {debuggerAddress: localhost:60209}, goog:processID: 32934, networkConnectionEnabled: false, pageLoadStrategy: normal, platformName: mac, proxy: Proxy(), se:cdp: ws://localhost:60209/devtoo..., se:cdpVersion: 142.0.7444.176, setWindowRect: true, strictFileInteractability: false, timeouts: {implicit: 0, pageLoad: 300000, script: 30000}, unhandledPromptBehavior: dismiss and notify, webauthn:extension:credBlob: true, webauthn:extension:largeBlob: true, webauthn:extension:minPinLength: true, webauthn:extension:prf: true, webauthn:virtualAuthenticators: true}&amp#27;[39m
        &amp#27;[31mSession ID: af6046dd396ebaa423c6da089fea9045&amp#27;[39m
        &amp#27;[31m	at org.openqa.selenium.support.ui.WebDriverWait.timeoutException(WebDriverWait.java:84)&amp#27;[39m
        &amp#27;[31m	at org.openqa.selenium.support.ui.FluentWait.until(FluentWait.java:228)&amp#27;[39m
        &amp#27;[31m	at com.fdmgroup.pages.HomeValueEstimatorPage.enterAddress(HomeValueEstimatorPage.java:46)&amp#27;[39m
        &amp#27;[31m	at com.fdmgroup.stepdefinitions.F1_HomeValueEstimatorTest_StepDef.userEntersInvalidInTheAddressField(F1_HomeValueEstimatorTest_StepDef.java:30)&amp#27;[39m
        &amp#27;[31m	at ✽.User enters invalid "Canada" in the address field(file:///Users/fahadkhan/Projects/RBCProject/src/test/resources/Features/F1_HomeValueEstimatorTest.feature:12)&amp#27;[39m
  &amp#27;[36m↷&amp#27;[39m &amp#27;[36m&amp#27;[1mAnd &amp#27;[22mSelects the first suggested address&amp#27;[39m                           &amp#27;[90m# com.fdmgroup.stepdefinitions.F1_HomeValueEstimatorTest_StepDef.selectsTheFirstSuggestedAddress()&amp#27;[39m
  &amp#27;[36m↷&amp#27;[39m &amp#27;[36m&amp#27;[1mAnd &amp#27;[22mClicks on the Get Started button&amp#27;[39m                              &amp#27;[90m# com.fdmgroup.stepdefinitions.F1_HomeValueEstimatorTest_StepDef.clicks_on_the_get_started_button()&amp#27;[39m
  &amp#27;[36m↷&amp#27;[39m &amp#27;[36m&amp#27;[1mThen &amp#27;[22mThe system should display an error message &amp#27;[1m"Invalid address"&amp#27;[22m&amp#27;[39m &amp#27;[90m# com.fdmgroup.stepdefinitions.F1_HomeValueEstimatorTest_StepDef.the_system_should_display_an_error_message(java.lang.String)&amp#27;[39m
]]></system-out>
  </testcase>
  <testcase name="User enters an invalid home address #2" classname="As a user I want to verify that the RBC Home Value Estimator handles valid and invalid address inputs correctly" time="22.385">
    <error message="Expected condition failed: waiting for element to be clickable: [[ChromeDriver: chrome on mac (af6046dd396ebaa423c6da089fea9045)] -&gt; xpath: //*[@id=&apos;address&apos;]] (tried for 10 second(s) with 500 milliseconds interval)&#10;Build info: version: &apos;4.38.0&apos;, revision: &apos;6b412e825c*&apos;&#10;System info: os.name: &apos;Mac OS X&apos;, os.arch: &apos;aarch64&apos;, os.version: &apos;15.6&apos;, java.version: &apos;22.0.2&apos;&#10;Driver info: org.openqa.selenium.chrome.ChromeDriver&#10;Capabilities {acceptInsecureCerts: false, browserName: chrome, browserVersion: 142.0.7444.176, chrome: {chromedriverVersion: 142.0.7444.175 (302067f14a4..., userDataDir: /var/folders/pp/xd6nhfmx531...}, fedcm:accounts: true, goog:chromeOptions: {debuggerAddress: localhost:60209}, goog:processID: 32934, networkConnectionEnabled: false, pageLoadStrategy: normal, platformName: mac, proxy: Proxy(), se:cdp: ws://localhost:60209/devtoo..., se:cdpVersion: 142.0.7444.176, setWindowRect: true, strictFileInteractability: false, timeouts: {implicit: 0, pageLoad: 300000, script: 30000}, unhandledPromptBehavior: dismiss and notify, webauthn:extension:credBlob: true, webauthn:extension:largeBlob: true, webauthn:extension:minPinLength: true, webauthn:extension:prf: true, webauthn:virtualAuthenticators: true}&#10;Session ID: af6046dd396ebaa423c6da089fea9045" type="org.openqa.selenium.TimeoutException"><![CDATA[org.openqa.selenium.TimeoutException: 
Expected condition failed: waiting for element to be clickable: [[ChromeDriver: chrome on mac (af6046dd396ebaa423c6da089fea9045)] -> xpath: //*[@id='address']] (tried for 10 second(s) with 500 milliseconds interval)
Build info: version: '4.38.0', revision: '6b412e825c*'
System info: os.name: 'Mac OS X', os.arch: 'aarch64', os.version: '15.6', java.version: '22.0.2'
Driver info: org.openqa.selenium.chrome.ChromeDriver
Capabilities {acceptInsecureCerts: false, browserName: chrome, browserVersion: 142.0.7444.176, chrome: {chromedriverVersion: 142.0.7444.175 (302067f14a4..., userDataDir: /var/folders/pp/xd6nhfmx531...}, fedcm:accounts: true, goog:chromeOptions: {debuggerAddress: localhost:60209}, goog:processID: 32934, networkConnectionEnabled: false, pageLoadStrategy: normal, platformName: mac, proxy: Proxy(), se:cdp: ws://localhost:60209/devtoo..., se:cdpVersion: 142.0.7444.176, setWindowRect: true, strictFileInteractability: false, timeouts: {implicit: 0, pageLoad: 300000, script: 30000}, unhandledPromptBehavior: dismiss and notify, webauthn:extension:credBlob: true, webauthn:extension:largeBlob: true, webauthn:extension:minPinLength: true, webauthn:extension:prf: true, webauthn:virtualAuthenticators: true}
Session ID: af6046dd396ebaa423c6da089fea9045
	at org.openqa.selenium.support.ui.WebDriverWait.timeoutException(WebDriverWait.java:84)
	at org.openqa.selenium.support.ui.FluentWait.until(FluentWait.java:228)
	at com.fdmgroup.pages.HomeValueEstimatorPage.enterAddress(HomeValueEstimatorPage.java:46)
	at com.fdmgroup.stepdefinitions.F1_HomeValueEstimatorTest_StepDef.userEntersInvalidInTheAddressField(F1_HomeValueEstimatorTest_StepDef.java:30)
	at ✽.User enters invalid "Pakistan" in the address field(file:///Users/fahadkhan/Projects/RBCProject/src/test/resources/Features/F1_HomeValueEstimatorTest.feature:12)
]]></error>
    <system-out><![CDATA[
&amp#27;[1mScenario Outline:&amp#27;[22m User enters an invalid home address                 &amp#27;[90m# src/test/resources/Features/F1_HomeValueEstimatorTest.feature:20&amp#27;[39m
  &amp#27;[32m✔&amp#27;[39m &amp#27;[32m&amp#27;[1mGiven &amp#27;[22mUser launches the RBC Home Value Estimator page&amp#27;[39m             &amp#27;[90m# com.fdmgroup.stepdefinitions.F1_HomeValueEstimatorTest_StepDef.user_launches_the_rbc_home_value_estimator_page()&amp#27;[39m
No iframe detected. Continuing on main page...
  &amp#27;[31m✘&amp#27;[39m &amp#27;[31m&amp#27;[1mWhen &amp#27;[22mUser enters invalid &amp#27;[1m"Pakistan"&amp#27;[22m in the address field&amp#27;[39m          &amp#27;[90m# com.fdmgroup.stepdefinitions.F1_HomeValueEstimatorTest_StepDef.userEntersInvalidInTheAddressField(java.lang.String)&amp#27;[39m
        &amp#27;[31morg.openqa.selenium.TimeoutException: Expected condition failed: waiting for element to be clickable: [[ChromeDriver: chrome on mac (af6046dd396ebaa423c6da089fea9045)] -> xpath: //*[@id='address']] (tried for 10 second(s) with 500 milliseconds interval)&amp#27;[39m
        &amp#27;[31mBuild info: version: '4.38.0', revision: '6b412e825c*'&amp#27;[39m
        &amp#27;[31mSystem info: os.name: 'Mac OS X', os.arch: 'aarch64', os.version: '15.6', java.version: '22.0.2'&amp#27;[39m
        &amp#27;[31mDriver info: org.openqa.selenium.chrome.ChromeDriver&amp#27;[39m
        &amp#27;[31mCapabilities {acceptInsecureCerts: false, browserName: chrome, browserVersion: 142.0.7444.176, chrome: {chromedriverVersion: 142.0.7444.175 (302067f14a4..., userDataDir: /var/folders/pp/xd6nhfmx531...}, fedcm:accounts: true, goog:chromeOptions: {debuggerAddress: localhost:60209}, goog:processID: 32934, networkConnectionEnabled: false, pageLoadStrategy: normal, platformName: mac, proxy: Proxy(), se:cdp: ws://localhost:60209/devtoo..., se:cdpVersion: 142.0.7444.176, setWindowRect: true, strictFileInteractability: false, timeouts: {implicit: 0, pageLoad: 300000, script: 30000}, unhandledPromptBehavior: dismiss and notify, webauthn:extension:credBlob: true, webauthn:extension:largeBlob: true, webauthn:extension:minPinLength: true, webauthn:extension:prf: true, webauthn:virtualAuthenticators: true}&amp#27;[39m
        &amp#27;[31mSession ID: af6046dd396ebaa423c6da089fea9045&amp#27;[39m
        &amp#27;[31m	at org.openqa.selenium.support.ui.WebDriverWait.timeoutException(WebDriverWait.java:84)&amp#27;[39m
        &amp#27;[31m	at org.openqa.selenium.support.ui.FluentWait.until(FluentWait.java:228)&amp#27;[39m
        &amp#27;[31m	at com.fdmgroup.pages.HomeValueEstimatorPage.enterAddress(HomeValueEstimatorPage.java:46)&amp#27;[39m
        &amp#27;[31m	at com.fdmgroup.stepdefinitions.F1_HomeValueEstimatorTest_StepDef.userEntersInvalidInTheAddressField(F1_HomeValueEstimatorTest_StepDef.java:30)&amp#27;[39m
        &amp#27;[31m	at ✽.User enters invalid "Pakistan" in the address field(file:///Users/fahadkhan/Projects/RBCProject/src/test/resources/Features/F1_HomeValueEstimatorTest.feature:12)&amp#27;[39m
  &amp#27;[36m↷&amp#27;[39m &amp#27;[36m&amp#27;[1mAnd &amp#27;[22mSelects the first suggested address&amp#27;[39m                           &amp#27;[90m# com.fdmgroup.stepdefinitions.F1_HomeValueEstimatorTest_StepDef.selectsTheFirstSuggestedAddress()&amp#27;[39m
  &amp#27;[36m↷&amp#27;[39m &amp#27;[36m&amp#27;[1mAnd &amp#27;[22mClicks on the Get Started button&amp#27;[39m                              &amp#27;[90m# com.fdmgroup.stepdefinitions.F1_HomeValueEstimatorTest_StepDef.clicks_on_the_get_started_button()&amp#27;[39m
  &amp#27;[36m↷&amp#27;[39m &amp#27;[36m&amp#27;[1mThen &amp#27;[22mThe system should display an error message &amp#27;[1m"Invalid address"&amp#27;[22m&amp#27;[39m &amp#27;[90m# com.fdmgroup.stepdefinitions.F1_HomeValueEstimatorTest_StepDef.the_system_should_display_an_error_message(java.lang.String)&amp#27;[39m
]]></system-out>
  </testcase>
  <testcase name="User should be able to open the mortgage payment calculator" classname="Verify functionality of RBC Mortgage Payment Calculator" time="26.276">
    <system-out><![CDATA[
&amp#27;[1mScenario:&amp#27;[22m User should be able to open the mortgage payment calculator &amp#27;[90m# src/test/resources/Features/F2_MortgageCalculatorTest.feature:3&amp#27;[39m
  &amp#27;[32m✔&amp#27;[39m &amp#27;[32m&amp#27;[1mGiven &amp#27;[22mUser launches the RBC home page&amp#27;[39m                             &amp#27;[90m# com.fdmgroup.stepdefinitions.F2_MortgageCalculatorTest_StepDef.user_launches_the_rbc_home_page()&amp#27;[39m
  &amp#27;[32m✔&amp#27;[39m &amp#27;[32m&amp#27;[1mWhen &amp#27;[22mUser navigates to Mortgage Calculator page&amp#27;[39m                   &amp#27;[90m# com.fdmgroup.stepdefinitions.F2_MortgageCalculatorTest_StepDef.user_navigates_to()&amp#27;[39m
  &amp#27;[32m✔&amp#27;[39m &amp#27;[32m&amp#27;[1mThen &amp#27;[22mThe calculator page should be displayed&amp#27;[39m                      &amp#27;[90m# com.fdmgroup.stepdefinitions.F2_MortgageCalculatorTest_StepDef.the_calculator_page_should_be_displayed()&amp#27;[39m
  &amp#27;[32m✔&amp#27;[39m &amp#27;[32m&amp#27;[1mAnd &amp#27;[22mThe heading should contain &amp#27;[1m"Mortgage Payment Calculator"&amp#27;[22m&amp#27;[39m      &amp#27;[90m# com.fdmgroup.stepdefinitions.F2_MortgageCalculatorTest_StepDef.the_heading_should_contain(java.lang.String)&amp#27;[39m
]]></system-out>
  </testcase>
  <testcase name="User should be able to calculate a mortgage payment estimate" classname="Verify functionality of RBC Mortgage Payment Calculator" time="17.414">
    <system-out><![CDATA[
&amp#27;[1mScenario:&amp#27;[22m User should be able to calculate a mortgage payment estimate &amp#27;[90m# src/test/resources/Features/F2_MortgageCalculatorTest.feature:9&amp#27;[39m
No iframe detected — continuing on main page.
Entered mortgage amount: 500000
  &amp#27;[32m✔&amp#27;[39m &amp#27;[32m&amp#27;[1mWhen &amp#27;[22mUser enters amount in the Mortgage Amount field&amp#27;[39m               &amp#27;[90m# com.fdmgroup.stepdefinitions.F2_MortgageCalculatorTest_StepDef.userEntersInTheMortgageAmountField()&amp#27;[39m
  &amp#27;[32m✔&amp#27;[39m &amp#27;[32m&amp#27;[1mAnd &amp#27;[22mUser clicks the Calculate button&amp#27;[39m                               &amp#27;[90m# com.fdmgroup.stepdefinitions.F2_MortgageCalculatorTest_StepDef.user_clicks_the_calculate_button()&amp#27;[39m
  &amp#27;[32m✔&amp#27;[39m &amp#27;[32m&amp#27;[1mThen &amp#27;[22mThe results page should display the estimated monthly payment&amp#27;[39m &amp#27;[90m# com.fdmgroup.stepdefinitions.F2_MortgageCalculatorTest_StepDef.the_results_page_should_display_the_estimated_monthly_payment()&amp#27;[39m
  &amp#27;[32m✔&amp#27;[39m &amp#27;[32m&amp#27;[1mAnd &amp#27;[22mThe result should include the text &amp#27;[1m"Payment will be:"&amp#27;[22m&amp#27;[39m          &amp#27;[90m# com.fdmgroup.stepdefinitions.F2_MortgageCalculatorTest_StepDef.the_result_should_include_the_text(java.lang.String)&amp#27;[39m
]]></system-out>
  </testcase>
  <testcase name="User should be able to access the Contact Us page" classname="As a user I want to verify the help and support options on the RBC Contact Us website" time="1.564">
    <system-out><![CDATA[
&amp#27;[1mScenario:&amp#27;[22m User should be able to access the Contact Us page                                        &amp#27;[90m# src/test/resources/Features/F3_ContactUsTest.feature:3&amp#27;[39m
  &amp#27;[32m✔&amp#27;[39m &amp#27;[32m&amp#27;[1mGiven &amp#27;[22mUser navigates to the RBC home page&amp#27;[39m                                                      &amp#27;[90m# com.fdmgroup.stepdefinitions.F3_ContactUsTest_StepDef.user_navigates_to_the_rbc_home_page()&amp#27;[39m
  &amp#27;[32m✔&amp#27;[39m &amp#27;[32m&amp#27;[1mWhen &amp#27;[22mUser navigates to the Contact Us page in the footer&amp#27;[39m                                       &amp#27;[90m# com.fdmgroup.stepdefinitions.F3_ContactUsTest_StepDef.user_navigates_to_the_contact_us_page_in_the_footer()&amp#27;[39m
  &amp#27;[32m✔&amp#27;[39m &amp#27;[32m&amp#27;[1mThen &amp#27;[22mThe page should contain the text &amp#27;[1m"Let us help you find the answers you're looking for..."&amp#27;[22m&amp#27;[39m &amp#27;[90m# com.fdmgroup.stepdefinitions.F3_ContactUsTest_StepDef.the_page_should_contain_the_text(java.lang.String)&amp#27;[39m
]]></system-out>
  </testcase>
  <testcase name="User should be able to search for &apos;credit card&apos; in the help section" classname="As a user I want to verify the help and support options on the RBC Contact Us website" time="3.294">
    <system-out><![CDATA[
&amp#27;[1mScenario Outline:&amp#27;[22m User should be able to search for 'credit card' in the help section &amp#27;[90m# src/test/resources/Features/F3_ContactUsTest.feature:15&amp#27;[39m
Entered search query: credit card
  &amp#27;[32m✔&amp#27;[39m &amp#27;[32m&amp#27;[1mWhen &amp#27;[22mUser enters &amp#27;[1m'credit card'&amp#27;[22m in the search box&amp#27;[39m                                  &amp#27;[90m# com.fdmgroup.stepdefinitions.F3_ContactUsTest_StepDef.user_enters_in_the_search_box(java.lang.String)&amp#27;[39m
Clicked on search button.
  &amp#27;[32m✔&amp#27;[39m &amp#27;[32m&amp#27;[1mAnd &amp#27;[22mClicks the search button&amp#27;[39m                                                      &amp#27;[90m# com.fdmgroup.stepdefinitions.F3_ContactUsTest_StepDef.clicks_the_search_button()&amp#27;[39m
  &amp#27;[32m✔&amp#27;[39m &amp#27;[32m&amp#27;[1mThen &amp#27;[22mUser should see search results related to &amp#27;[1m'credit card'&amp#27;[22m&amp#27;[39m                      &amp#27;[90m# com.fdmgroup.stepdefinitions.F3_ContactUsTest_StepDef.user_should_see_search_results_related_to(java.lang.String)&amp#27;[39m
]]></system-out>
  </testcase>
</testsuite>